<?xml version="1.0" encoding="UTF-8"?>
<!-- Generated by org.testng.reporters.JUnitXMLReporter -->
<testsuite ignored="4" hostname="DESKTOP-DVLRVPN" failures="0" tests="8" name="testDPCAppTestingForTimeandTimeZone" time="24.882" errors="0" timestamp="2023-12-14T00:58:21 IST">
  <testcase classname="tests.VerifyTimeChangeOnDeviceTest" name="getSetTimeValueOnSettingsAppBeforeChangeByTestDPCApp" time="6.813"/>
  <testcase classname="tests.VerifyTimeChangeOnDeviceTest" name="clickOnSetTimeOptionOfDCPApp" time="0.998"/>
  <testcase classname="tests.VerifyTimeChangeOnDeviceTest" name="enterMilliSecsValueInSetTimeInputField" time="2.51"/>
  <testcase classname="tests.VerifyTimeChangeOnDeviceTest" name="getSetTimeValueOnSettingsAppAfterChangeByTestDPCApp" time="5.848"/>
  <testcase classname="tests.VerifyTimeChangeOnDeviceTest" name="VerifyTimeChangedDueToSetTimeInDPCApp" time="0.007"/>
  <testcase classname="tests.VerifyTimeZoneChangeOnDeviceTest" name="clickOnSetTimeZoneOption" time="0.973"/>
  <testcase classname="tests.VerifyTimeZoneChangeOnDeviceTest" name="enterTimeZoneValueInSetTimeZoneInputField" time="1.87"/>
  <testcase classname="tests.VerifyTimeZoneChangeOnDeviceTest" name="VerifyTimeZoneChangedDueToSetTimeZoneInDPCApp" time="5.786"/>
  <testcase classname="base.DriverSetup" name="@BeforeSuite setAndroiDriver" time="0.0">
    <ignored/>
  </testcase> <!-- @BeforeSuite setAndroiDriver -->
  <testcase classname="tests.VerifyTimeZoneChangeOnDeviceTest" name="validateTimeZoneChangedOnDevice" time="0.0">
    <ignored/>
  </testcase> <!-- validateTimeZoneChangedOnDevice -->
  <testcase classname="base.DriverSetup" name="@AfterSuite removeApp" time="0.0">
    <ignored/>
  </testcase> <!-- @AfterSuite removeApp -->
  <testcase classname="tests.VerifyTimeChangeOnDeviceTest" name="validateTimeChangedOnDevice" time="0.0">
    <ignored/>
  </testcase> <!-- validateTimeChangedOnDevice -->
</testsuite> <!-- testDPCAppTestingForTimeandTimeZone -->
