<?xml version="1.0" encoding="UTF-8"?>
<!-- Generated by org.testng.reporters.JUnitXMLReporter -->
<testsuite ignored="4" hostname="DESKTOP-DVLRVPN" failures="0" tests="8" name="Surefire test" time="26.258" errors="0" timestamp="2023-12-14T00:54:09 IST">
  <testcase classname="tests.VerifyTimeChangeOnDeviceTest" name="getSetTimeValueOnSettingsAppBeforeChangeByTestDPCApp" time="7.861"/>
  <testcase classname="tests.VerifyTimeChangeOnDeviceTest" name="clickOnSetTimeOptionOfDCPApp" time="1.024"/>
  <testcase classname="tests.VerifyTimeChangeOnDeviceTest" name="enterMilliSecsValueInSetTimeInputField" time="2.463"/>
  <testcase classname="tests.VerifyTimeChangeOnDeviceTest" name="getSetTimeValueOnSettingsAppAfterChangeByTestDPCApp" time="6.212"/>
  <testcase classname="tests.VerifyTimeChangeOnDeviceTest" name="VerifyTimeChangedDueToSetTimeInDPCApp" time="0.012"/>
  <testcase classname="tests.VerifyTimeZoneChangeOnDeviceTest" name="clickOnSetTimeZoneOption" time="1.094"/>
  <testcase classname="tests.VerifyTimeZoneChangeOnDeviceTest" name="enterTimeZoneValueInSetTimeZoneInputField" time="1.888"/>
  <testcase classname="tests.VerifyTimeZoneChangeOnDeviceTest" name="VerifyTimeZoneChangedDueToSetTimeZoneInDPCApp" time="5.639"/>
  <testcase classname="tests.VerifyTimeZoneChangeOnDeviceTest" name="validateTimeZoneChangedOnDevice" time="0.0">
    <ignored/>
  </testcase> <!-- validateTimeZoneChangedOnDevice -->
  <testcase classname="base.DriverSetup" name="@AfterSuite removeApp" time="0.0">
    <ignored/>
  </testcase> <!-- @AfterSuite removeApp -->
  <testcase classname="tests.VerifyTimeChangeOnDeviceTest" name="validateTimeChangedOnDevice" time="0.0">
    <ignored/>
  </testcase> <!-- validateTimeChangedOnDevice -->
  <testcase classname="base.DriverSetup" name="@BeforeSuite setAndroiDriver" time="0.0">
    <ignored/>
  </testcase> <!-- @BeforeSuite setAndroiDriver -->
</testsuite> <!-- Surefire test -->
