<?xml version="1.0" encoding="UTF-8"?>
<testng-results ignored="0" total="8" passed="8" failed="0" skipped="0">
  <reporter-output>
  </reporter-output>
  <suite started-at="2023-12-14T00:53:43 IST" name="Surefire suite" finished-at="2023-12-14T00:54:09 IST" duration-ms="26258">
    <groups>
    </groups>
    <test started-at="2023-12-14T00:53:43 IST" name="Surefire test" finished-at="2023-12-14T00:54:09 IST" duration-ms="26258">
      <class name="tests.VerifyTimeZoneChangeOnDeviceTest">
        <test-method signature="clickOnSetTimeZoneOption()[pri:0, instance:tests.VerifyTimeZoneChangeOnDeviceTest@3e11f9e9]" started-at="2023-12-14T00:54:01 IST" name="clickOnSetTimeZoneOption" finished-at="2023-12-14T00:54:02 IST" duration-ms="1094" status="PASS">
          <reporter-output>
          </reporter-output>
        </test-method> <!-- clickOnSetTimeZoneOption -->
        <test-method signature="enterTimeZoneValueInSetTimeZoneInputField()[pri:1, instance:tests.VerifyTimeZoneChangeOnDeviceTest@3e11f9e9]" started-at="2023-12-14T00:54:02 IST" name="enterTimeZoneValueInSetTimeZoneInputField" finished-at="2023-12-14T00:54:04 IST" duration-ms="1888" status="PASS">
          <reporter-output>
          </reporter-output>
        </test-method> <!-- enterTimeZoneValueInSetTimeZoneInputField -->
        <test-method signature="VerifyTimeZoneChangedDueToSetTimeZoneInDPCApp()[pri:2, instance:tests.VerifyTimeZoneChangeOnDeviceTest@3e11f9e9]" started-at="2023-12-14T00:54:04 IST" name="VerifyTimeZoneChangedDueToSetTimeZoneInDPCApp" finished-at="2023-12-14T00:54:09 IST" duration-ms="5639" status="PASS">
          <reporter-output>
          </reporter-output>
        </test-method> <!-- VerifyTimeZoneChangedDueToSetTimeZoneInDPCApp -->
      </class> <!-- tests.VerifyTimeZoneChangeOnDeviceTest -->
      <class name="tests.VerifyTimeChangeOnDeviceTest">
        <test-method is-config="true" signature="setAndroiDriver()[pri:0, instance:tests.VerifyTimeChangeOnDeviceTest@3c7f66c4]" started-at="2023-12-14T00:53:37 IST" name="setAndroiDriver" finished-at="2023-12-14T00:53:43 IST" duration-ms="6244" status="PASS">
          <reporter-output>
          </reporter-output>
        </test-method> <!-- setAndroiDriver -->
        <test-method signature="getSetTimeValueOnSettingsAppBeforeChangeByTestDPCApp()[pri:0, instance:tests.VerifyTimeChangeOnDeviceTest@3c7f66c4]" started-at="2023-12-14T00:53:43 IST" name="getSetTimeValueOnSettingsAppBeforeChangeByTestDPCApp" finished-at="2023-12-14T00:53:51 IST" duration-ms="7861" status="PASS">
          <reporter-output>
          </reporter-output>
        </test-method> <!-- getSetTimeValueOnSettingsAppBeforeChangeByTestDPCApp -->
        <test-method signature="clickOnSetTimeOptionOfDCPApp()[pri:1, instance:tests.VerifyTimeChangeOnDeviceTest@3c7f66c4]" started-at="2023-12-14T00:53:51 IST" name="clickOnSetTimeOptionOfDCPApp" finished-at="2023-12-14T00:53:52 IST" duration-ms="1024" status="PASS">
          <reporter-output>
          </reporter-output>
        </test-method> <!-- clickOnSetTimeOptionOfDCPApp -->
        <test-method signature="enterMilliSecsValueInSetTimeInputField()[pri:2, instance:tests.VerifyTimeChangeOnDeviceTest@3c7f66c4]" started-at="2023-12-14T00:53:52 IST" name="enterMilliSecsValueInSetTimeInputField" finished-at="2023-12-14T00:53:54 IST" duration-ms="2463" status="PASS">
          <reporter-output>
          </reporter-output>
        </test-method> <!-- enterMilliSecsValueInSetTimeInputField -->
        <test-method signature="getSetTimeValueOnSettingsAppAfterChangeByTestDPCApp()[pri:3, instance:tests.VerifyTimeChangeOnDeviceTest@3c7f66c4]" started-at="2023-12-14T00:53:54 IST" name="getSetTimeValueOnSettingsAppAfterChangeByTestDPCApp" finished-at="2023-12-14T00:54:01 IST" duration-ms="6212" status="PASS">
          <reporter-output>
          </reporter-output>
        </test-method> <!-- getSetTimeValueOnSettingsAppAfterChangeByTestDPCApp -->
        <test-method signature="VerifyTimeChangedDueToSetTimeInDPCApp()[pri:4, instance:tests.VerifyTimeChangeOnDeviceTest@3c7f66c4]" started-at="2023-12-14T00:54:01 IST" name="VerifyTimeChangedDueToSetTimeInDPCApp" finished-at="2023-12-14T00:54:01 IST" duration-ms="12" status="PASS">
          <reporter-output>
          </reporter-output>
        </test-method> <!-- VerifyTimeChangedDueToSetTimeInDPCApp -->
        <test-method is-config="true" signature="removeApp()[pri:0, instance:tests.VerifyTimeChangeOnDeviceTest@3c7f66c4]" started-at="2023-12-14T00:54:09 IST" name="removeApp" finished-at="2023-12-14T00:54:10 IST" duration-ms="308" status="PASS">
          <reporter-output>
          </reporter-output>
        </test-method> <!-- removeApp -->
      </class> <!-- tests.VerifyTimeChangeOnDeviceTest -->
    </test> <!-- Surefire test -->
  </suite> <!-- Surefire suite -->
</testng-results>
