<?xml version="1.0" encoding="UTF-8"?>
<testng-results ignored="0" total="8" passed="8" failed="0" skipped="0">
  <reporter-output>
  </reporter-output>
  <suite started-at="2023-12-14T00:57:56 IST" name="AssignmentAutomation" finished-at="2023-12-14T00:58:21 IST" duration-ms="24882">
    <groups>
    </groups>
    <test started-at="2023-12-14T00:57:56 IST" name="testDPCAppTestingForTimeandTimeZone" finished-at="2023-12-14T00:58:21 IST" duration-ms="24882">
      <class name="tests.VerifyTimeZoneChangeOnDeviceTest">
        <test-method signature="clickOnSetTimeZoneOption()[pri:0, instance:tests.VerifyTimeZoneChangeOnDeviceTest@6c284af]" started-at="2023-12-14T00:58:13 IST" name="clickOnSetTimeZoneOption" finished-at="2023-12-14T00:58:14 IST" duration-ms="973" status="PASS">
          <reporter-output>
          </reporter-output>
        </test-method> <!-- clickOnSetTimeZoneOption -->
        <test-method signature="enterTimeZoneValueInSetTimeZoneInputField()[pri:1, instance:tests.VerifyTimeZoneChangeOnDeviceTest@6c284af]" started-at="2023-12-14T00:58:14 IST" name="enterTimeZoneValueInSetTimeZoneInputField" finished-at="2023-12-14T00:58:16 IST" duration-ms="1870" status="PASS">
          <reporter-output>
          </reporter-output>
        </test-method> <!-- enterTimeZoneValueInSetTimeZoneInputField -->
        <test-method signature="VerifyTimeZoneChangedDueToSetTimeZoneInDPCApp()[pri:2, instance:tests.VerifyTimeZoneChangeOnDeviceTest@6c284af]" started-at="2023-12-14T00:58:16 IST" name="VerifyTimeZoneChangedDueToSetTimeZoneInDPCApp" finished-at="2023-12-14T00:58:21 IST" duration-ms="5786" status="PASS">
          <reporter-output>
          </reporter-output>
        </test-method> <!-- VerifyTimeZoneChangedDueToSetTimeZoneInDPCApp -->
      </class> <!-- tests.VerifyTimeZoneChangeOnDeviceTest -->
      <class name="tests.VerifyTimeChangeOnDeviceTest">
        <test-method is-config="true" signature="setAndroiDriver()[pri:0, instance:tests.VerifyTimeChangeOnDeviceTest@cecf639]" started-at="2023-12-14T00:57:49 IST" name="setAndroiDriver" finished-at="2023-12-14T00:57:56 IST" duration-ms="7409" status="PASS">
          <reporter-output>
          </reporter-output>
        </test-method> <!-- setAndroiDriver -->
        <test-method signature="getSetTimeValueOnSettingsAppBeforeChangeByTestDPCApp()[pri:0, instance:tests.VerifyTimeChangeOnDeviceTest@cecf639]" started-at="2023-12-14T00:57:56 IST" name="getSetTimeValueOnSettingsAppBeforeChangeByTestDPCApp" finished-at="2023-12-14T00:58:03 IST" duration-ms="6813" status="PASS">
          <reporter-output>
          </reporter-output>
        </test-method> <!-- getSetTimeValueOnSettingsAppBeforeChangeByTestDPCApp -->
        <test-method signature="clickOnSetTimeOptionOfDCPApp()[pri:1, instance:tests.VerifyTimeChangeOnDeviceTest@cecf639]" started-at="2023-12-14T00:58:03 IST" name="clickOnSetTimeOptionOfDCPApp" finished-at="2023-12-14T00:58:04 IST" duration-ms="998" status="PASS">
          <reporter-output>
          </reporter-output>
        </test-method> <!-- clickOnSetTimeOptionOfDCPApp -->
        <test-method signature="enterMilliSecsValueInSetTimeInputField()[pri:2, instance:tests.VerifyTimeChangeOnDeviceTest@cecf639]" started-at="2023-12-14T00:58:04 IST" name="enterMilliSecsValueInSetTimeInputField" finished-at="2023-12-14T00:58:07 IST" duration-ms="2510" status="PASS">
          <reporter-output>
          </reporter-output>
        </test-method> <!-- enterMilliSecsValueInSetTimeInputField -->
        <test-method signature="getSetTimeValueOnSettingsAppAfterChangeByTestDPCApp()[pri:3, instance:tests.VerifyTimeChangeOnDeviceTest@cecf639]" started-at="2023-12-14T00:58:07 IST" name="getSetTimeValueOnSettingsAppAfterChangeByTestDPCApp" finished-at="2023-12-14T00:58:13 IST" duration-ms="5848" status="PASS">
          <reporter-output>
          </reporter-output>
        </test-method> <!-- getSetTimeValueOnSettingsAppAfterChangeByTestDPCApp -->
        <test-method signature="VerifyTimeChangedDueToSetTimeInDPCApp()[pri:4, instance:tests.VerifyTimeChangeOnDeviceTest@cecf639]" started-at="2023-12-14T00:58:13 IST" name="VerifyTimeChangedDueToSetTimeInDPCApp" finished-at="2023-12-14T00:58:13 IST" duration-ms="7" status="PASS">
          <reporter-output>
          </reporter-output>
        </test-method> <!-- VerifyTimeChangedDueToSetTimeInDPCApp -->
        <test-method is-config="true" signature="removeApp()[pri:0, instance:tests.VerifyTimeChangeOnDeviceTest@cecf639]" started-at="2023-12-14T00:58:21 IST" name="removeApp" finished-at="2023-12-14T00:58:22 IST" duration-ms="270" status="PASS">
          <reporter-output>
          </reporter-output>
        </test-method> <!-- removeApp -->
      </class> <!-- tests.VerifyTimeChangeOnDeviceTest -->
    </test> <!-- testDPCAppTestingForTimeandTimeZone -->
  </suite> <!-- AssignmentAutomation -->
</testng-results>
